<?xml version="1.0" encoding="UTF-8"?>
<coverage generated="1705414613800" clover="3.2.0">
  <project timestamp="1705414613800" name="All files">
    <metrics statements="24" coveredstatements="21" conditionals="5" coveredconditionals="5" methods="5" coveredmethods="4" elements="34" coveredelements="30" complexity="0" loc="24" ncloc="24" packages="1" files="1" classes="1"/>
    <file name="index.ts" path="C:\xampp\htdocs\sleep-utils\src\index.ts">
      <metrics statements="24" coveredstatements="21" conditionals="5" coveredconditionals="5" methods="5" coveredmethods="4"/>
      <line num="1" count="4" type="cond" truecount="1" falsecount="0"/>
      <line num="2" count="4" type="cond" truecount="1" falsecount="0"/>
      <line num="3" count="4" type="stmt"/>
      <line num="4" count="1" type="stmt"/>
      <line num="5" count="1" type="cond" truecount="1" falsecount="0"/>
      <line num="6" count="1" type="stmt"/>
      <line num="7" count="1" type="stmt"/>
      <line num="8" count="1" type="stmt"/>
      <line num="9" count="1" type="stmt"/>
      <line num="10" count="1" type="stmt"/>
      <line num="11" count="0" type="stmt"/>
      <line num="12" count="0" type="stmt"/>
      <line num="13" count="0" type="stmt"/>
      <line num="14" count="1" type="stmt"/>
      <line num="15" count="1" type="cond" truecount="1" falsecount="0"/>
      <line num="16" count="1" type="stmt"/>
      <line num="17" count="1" type="stmt"/>
      <line num="18" count="1" type="stmt"/>
      <line num="19" count="1" type="stmt"/>
      <line num="20" count="1" type="stmt"/>
      <line num="21" count="1" type="cond" truecount="1" falsecount="0"/>
      <line num="22" count="1" type="stmt"/>
      <line num="23" count="1" type="stmt"/>
      <line num="24" count="1" type="stmt"/>
    </file>
  </project>
</coverage>
